This is pdfTeX, Version 3.1415926-2.5-1.40.14 (TeX Live 2013) (format=pdflatex 2013.5.30)  20 NOV 2014 11:04
entering extended mode
 restricted \write18 enabled.
 %&-line parsing enabled.
**pset8_template.tex -recorder
(./pset8_template.tex
LaTeX2e <2011/06/27>
Babel <3.9f> and hyphenation patterns for 78 languages loaded.
(/usr/local/texlive/2013/texmf-dist/tex/latex/base/article.cls
Document Class: article 2007/10/19 v1.4h Standard LaTeX document class
(/usr/local/texlive/2013/texmf-dist/tex/latex/base/size12.clo
File: size12.clo 2007/10/19 v1.4h Standard LaTeX file (size option)
)
\c@part=\count79
\c@section=\count80
\c@subsection=\count81
\c@subsubsection=\count82
\c@paragraph=\count83
\c@subparagraph=\count84
\c@figure=\count85
\c@table=\count86
\abovecaptionskip=\skip41
\belowcaptionskip=\skip42
\bibindent=\dimen102
)
(/usr/local/texlive/2013/texmf-dist/tex/latex/amsmath/amsmath.sty
Package: amsmath 2013/01/14 v2.14 AMS math features
\@mathmargin=\skip43

For additional information on amsmath, use the `?' option.
(/usr/local/texlive/2013/texmf-dist/tex/latex/amsmath/amstext.sty
Package: amstext 2000/06/29 v2.01

(/usr/local/texlive/2013/texmf-dist/tex/latex/amsmath/amsgen.sty
File: amsgen.sty 1999/11/30 v2.0
\@emptytoks=\toks14
\ex@=\dimen103
))
(/usr/local/texlive/2013/texmf-dist/tex/latex/amsmath/amsbsy.sty
Package: amsbsy 1999/11/29 v1.2d
\pmbraise@=\dimen104
)
(/usr/local/texlive/2013/texmf-dist/tex/latex/amsmath/amsopn.sty
Package: amsopn 1999/12/14 v2.01 operator names
)
\inf@bad=\count87
LaTeX Info: Redefining \frac on input line 210.
\uproot@=\count88
\leftroot@=\count89
LaTeX Info: Redefining \overline on input line 306.
\classnum@=\count90
\DOTSCASE@=\count91
LaTeX Info: Redefining \ldots on input line 378.
LaTeX Info: Redefining \dots on input line 381.
LaTeX Info: Redefining \cdots on input line 466.
\Mathstrutbox@=\box26
\strutbox@=\box27
\big@size=\dimen105
LaTeX Font Info:    Redeclaring font encoding OML on input line 566.
LaTeX Font Info:    Redeclaring font encoding OMS on input line 567.
\macc@depth=\count92
\c@MaxMatrixCols=\count93
\dotsspace@=\muskip10
\c@parentequation=\count94
\dspbrk@lvl=\count95
\tag@help=\toks15
\row@=\count96
\column@=\count97
\maxfields@=\count98
\andhelp@=\toks16
\eqnshift@=\dimen106
\alignsep@=\dimen107
\tagshift@=\dimen108
\tagwidth@=\dimen109
\totwidth@=\dimen110
\lineht@=\dimen111
\@envbody=\toks17
\multlinegap=\skip44
\multlinetaggap=\skip45
\mathdisplay@stack=\toks18
LaTeX Info: Redefining \[ on input line 2665.
LaTeX Info: Redefining \] on input line 2666.
)
(/usr/local/texlive/2013/texmf-dist/tex/latex/amsfonts/amssymb.sty
Package: amssymb 2013/01/14 v3.01 AMS font symbols

(/usr/local/texlive/2013/texmf-dist/tex/latex/amsfonts/amsfonts.sty
Package: amsfonts 2013/01/14 v3.01 Basic AMSFonts support
\symAMSa=\mathgroup4
\symAMSb=\mathgroup5
LaTeX Font Info:    Overwriting math alphabet `\mathfrak' in version `bold'
(Font)                  U/euf/m/n --> U/euf/b/n on input line 106.
))
(/usr/local/texlive/2013/texmf-dist/tex/latex/mh/mathtools.sty
Package: mathtools 2013/02/12 v1.13 mathematical typesetting tools

(/usr/local/texlive/2013/texmf-dist/tex/latex/graphics/keyval.sty
Package: keyval 1999/03/16 v1.13 key=value parser (DPC)
\KV@toks@=\toks19
)
(/usr/local/texlive/2013/texmf-dist/tex/latex/tools/calc.sty
Package: calc 2007/08/22 v4.3 Infix arithmetic (KKT,FJ)
\calc@Acount=\count99
\calc@Bcount=\count100
\calc@Adimen=\dimen112
\calc@Bdimen=\dimen113
\calc@Askip=\skip46
\calc@Bskip=\skip47
LaTeX Info: Redefining \setlength on input line 76.
LaTeX Info: Redefining \addtolength on input line 77.
\calc@Ccount=\count101
\calc@Cskip=\skip48
)
(/usr/local/texlive/2013/texmf-dist/tex/latex/mh/mhsetup.sty
Package: mhsetup 2010/01/21 v1.2a programming setup (MH)
)
LaTeX Info: Thecontrolsequence`\['isalreadyrobust on input line 129.
LaTeX Info: Thecontrolsequence`\]'isalreadyrobust on input line 129.
\g_MT_multlinerow_int=\count102
\l_MT_multwidth_dim=\dimen114
\origjot=\skip49
\l_MT_shortvdotswithinadjustabove_dim=\dimen115
\l_MT_shortvdotswithinadjustbelow_dim=\dimen116
\l_MT_above_intertext_sep=\dimen117
\l_MT_below_intertext_sep=\dimen118
\l_MT_above_shortintertext_sep=\dimen119
\l_MT_below_shortintertext_sep=\dimen120
)
(/usr/local/texlive/2013/texmf-dist/tex/latex/graphics/color.sty
Package: color 2005/11/14 v1.0j Standard LaTeX Color (DPC)

(/usr/local/texlive/2013/texmf-dist/tex/latex/latexconfig/color.cfg
File: color.cfg 2007/01/18 v1.5 color configuration of teTeX/TeXLive
)
Package color Info: Driver file: pdftex.def on input line 130.

(/usr/local/texlive/2013/texmf-dist/tex/latex/pdftex-def/pdftex.def
File: pdftex.def 2011/05/27 v0.06d Graphics/color for pdfTeX

(/usr/local/texlive/2013/texmf-dist/tex/generic/oberdiek/infwarerr.sty
Package: infwarerr 2010/04/08 v1.3 Providing info/warning/error messages (HO)
)
(/usr/local/texlive/2013/texmf-dist/tex/generic/oberdiek/ltxcmds.sty
Package: ltxcmds 2011/11/09 v1.22 LaTeX kernel commands for general use (HO)
)
\Gread@gobject=\count103
))
(/usr/local/texlive/2013/texmf-dist/tex/latex/clrscode/clrscode.sty
Package: clrscode 2007/03/29 v1.7 format pseudocode

(/usr/local/texlive/2013/texmf-dist/tex/latex/base/latexsym.sty
Package: latexsym 1998/08/17 v2.2e Standard LaTeX package (lasy symbols)
\symlasy=\mathgroup6
LaTeX Font Info:    Overwriting symbol font `lasy' in version `bold'
(Font)                  U/lasy/m/n --> U/lasy/b/n on input line 47.
)
\c@codelinenumber=\count104
\c@indent=\count105
\digitwidth=\skip50
\savecode=\box28
\codeboxwidth=\skip51
\c@thisindent=\count106
)
(/usr/local/texlive/2013/texmf-dist/tex/latex/graphics/graphicx.sty
Package: graphicx 1999/02/16 v1.0f Enhanced LaTeX Graphics (DPC,SPQR)

(/usr/local/texlive/2013/texmf-dist/tex/latex/graphics/graphics.sty
Package: graphics 2009/02/05 v1.0o Standard LaTeX Graphics (DPC,SPQR)

(/usr/local/texlive/2013/texmf-dist/tex/latex/graphics/trig.sty
Package: trig 1999/03/16 v1.09 sin cos tan (DPC)
)
(/usr/local/texlive/2013/texmf-dist/tex/latex/latexconfig/graphics.cfg
File: graphics.cfg 2010/04/23 v1.9 graphics configuration of TeX Live
)
Package graphics Info: Driver file: pdftex.def on input line 91.
)
\Gin@req@height=\dimen121
\Gin@req@width=\dimen122
)
(./macros.tex (/usr/local/texlive/2013/texmf-dist/tex/latex/psnfss/times.sty
Package: times 2005/04/12 PSNFSS-v9.2a (SPQR) 
)
(/usr/local/texlive/2013/texmf-dist/tex/latex/url/url.sty
\Urlmuskip=\muskip11
Package: url 2006/04/12  ver 3.3  Verb mode for urls, etc.
)
\toppush=\skip52
\c@problemnum=\count107
\c@problempartnum=\count108
\c@exercisenum=\count109
\c@exercisepartnum=\count110
\c@totalcaptions=\count111
\c@totalart=\count112
\halffigspace=\skip53
\wholefigspace=\skip54
\figruleheight=\skip55
\figgap=\skip56
\widefigspacewidth=\skip57
\macfigfill=\skip58
\bbx=\skip59
\bby=\skip60
\savearraycolsep=\skip61
\c@theorem=\count113
\c@xample=\count114
\c@definition=\count115
\c@handouts=\count116
)
(./pset8_template.aux

LaTeX Warning: Label `fig:pipeline' multiply defined.


LaTeX Warning: Label `fig:pipeline' multiply defined.


LaTeX Warning: Label `fig:pipeline' multiply defined.

)
\openout1 = `pset8_template.aux'.

LaTeX Font Info:    Checking defaults for OML/cmm/m/it on input line 30.
LaTeX Font Info:    ... okay on input line 30.
LaTeX Font Info:    Checking defaults for T1/cmr/m/n on input line 30.
LaTeX Font Info:    ... okay on input line 30.
LaTeX Font Info:    Checking defaults for OT1/cmr/m/n on input line 30.
LaTeX Font Info:    ... okay on input line 30.
LaTeX Font Info:    Checking defaults for OMS/cmsy/m/n on input line 30.
LaTeX Font Info:    ... okay on input line 30.
LaTeX Font Info:    Checking defaults for OMX/cmex/m/n on input line 30.
LaTeX Font Info:    ... okay on input line 30.
LaTeX Font Info:    Checking defaults for U/cmr/m/n on input line 30.
LaTeX Font Info:    ... okay on input line 30.
LaTeX Font Info:    Try loading font information for OT1+ptm on input line 30.
 (/usr/local/texlive/2013/texmf-dist/tex/latex/psnfss/ot1ptm.fd
File: ot1ptm.fd 2001/06/04 font definitions for OT1/ptm.
)
(/usr/local/texlive/2013/texmf-dist/tex/context/base/supp-pdf.mkii
[Loading MPS to PDF converter (version 2006.09.02).]
\scratchcounter=\count117
\scratchdimen=\dimen123
\scratchbox=\box29
\nofMPsegments=\count118
\nofMParguments=\count119
\everyMPshowfont=\toks20
\MPscratchCnt=\count120
\MPscratchDim=\dimen124
\MPnumerator=\count121
\makeMPintoPDFobject=\count122
\everyMPtoPDFconversion=\toks21
) (/usr/local/texlive/2013/texmf-dist/tex/generic/oberdiek/pdftexcmds.sty
Package: pdftexcmds 2011/11/29 v0.20 Utility functions of pdfTeX for LuaTeX (HO
)

(/usr/local/texlive/2013/texmf-dist/tex/generic/oberdiek/ifluatex.sty
Package: ifluatex 2010/03/01 v1.3 Provides the ifluatex switch (HO)
Package ifluatex Info: LuaTeX not detected.
)
(/usr/local/texlive/2013/texmf-dist/tex/generic/oberdiek/ifpdf.sty
Package: ifpdf 2011/01/30 v2.3 Provides the ifpdf switch (HO)
Package ifpdf Info: pdfTeX in PDF mode is detected.
)
Package pdftexcmds Info: LuaTeX not detected.
Package pdftexcmds Info: \pdf@primitive is available.
Package pdftexcmds Info: \pdf@ifprimitive is available.
Package pdftexcmds Info: \pdfdraftmode found.
)
(/usr/local/texlive/2013/texmf-dist/tex/latex/oberdiek/epstopdf-base.sty
Package: epstopdf-base 2010/02/09 v2.5 Base part for package epstopdf

(/usr/local/texlive/2013/texmf-dist/tex/latex/oberdiek/grfext.sty
Package: grfext 2010/08/19 v1.1 Manage graphics extensions (HO)

(/usr/local/texlive/2013/texmf-dist/tex/generic/oberdiek/kvdefinekeys.sty
Package: kvdefinekeys 2011/04/07 v1.3 Define keys (HO)
))
(/usr/local/texlive/2013/texmf-dist/tex/latex/oberdiek/kvoptions.sty
Package: kvoptions 2011/06/30 v3.11 Key value format for package options (HO)

(/usr/local/texlive/2013/texmf-dist/tex/generic/oberdiek/kvsetkeys.sty
Package: kvsetkeys 2012/04/25 v1.16 Key value parser (HO)

(/usr/local/texlive/2013/texmf-dist/tex/generic/oberdiek/etexcmds.sty
Package: etexcmds 2011/02/16 v1.5 Avoid name clashes with e-TeX commands (HO)
Package etexcmds Info: Could not find \expanded.
(etexcmds)             That can mean that you are not using pdfTeX 1.50 or
(etexcmds)             that some package has redefined \expanded.
(etexcmds)             In the latter case, load this package earlier.
)))
Package grfext Info: Graphics extension search list:
(grfext)             [.png,.pdf,.jpg,.mps,.jpeg,.jbig2,.jb2,.PNG,.PDF,.JPG,.JPE
G,.JBIG2,.JB2,.eps]
(grfext)             \AppendGraphicsExtensions on input line 452.

(/usr/local/texlive/2013/texmf-dist/tex/latex/latexconfig/epstopdf-sys.cfg
File: epstopdf-sys.cfg 2010/07/13 v1.3 Configuration of (r)epstopdf for TeX Liv
e
))
LaTeX Font Info:    Try loading font information for U+msa on input line 32.

(/usr/local/texlive/2013/texmf-dist/tex/latex/amsfonts/umsa.fd
File: umsa.fd 2013/01/14 v3.01 AMS symbols A
)
LaTeX Font Info:    Try loading font information for U+msb on input line 32.

(/usr/local/texlive/2013/texmf-dist/tex/latex/amsfonts/umsb.fd
File: umsb.fd 2013/01/14 v3.01 AMS symbols B
)
LaTeX Font Info:    Try loading font information for U+lasy on input line 32.

(/usr/local/texlive/2013/texmf-dist/tex/latex/base/ulasy.fd
File: ulasy.fd 1998/08/17 v2.2e LaTeX symbol font definitions
)
Underfull \hbox (badness 10000) in paragraph at lines 32--32

 []

LaTeX Font Info:    Font shape `OT1/ptm/bx/n' in size <17.28> not available
(Font)              Font shape `OT1/ptm/b/n' tried instead on input line 32.
LaTeX Font Info:    Try loading font information for OT1+pcr on input line 33.
(/usr/local/texlive/2013/texmf-dist/tex/latex/psnfss/ot1pcr.fd
File: ot1pcr.fd 2001/06/04 font definitions for OT1/pcr.
)
Underfull \hbox (badness 10000) in paragraph at lines 37--39

 []

LaTeX Font Info:    Font shape `OT1/ptm/bx/n' in size <12> not available
(Font)              Font shape `OT1/ptm/b/n' tried instead on input line 40.

Underfull \hbox (badness 10000) in paragraph at lines 40--42

 []


Underfull \hbox (badness 10000) in paragraph at lines 58--61

 []


Underfull \hbox (badness 10000) in paragraph at lines 58--61

 []


Underfull \hbox (badness 10000) in paragraph at lines 62--66

 []


Underfull \hbox (badness 10000) in paragraph at lines 62--66

 []


Underfull \hbox (badness 10000) in paragraph at lines 67--69

 []


Underfull \hbox (badness 10000) in paragraph at lines 70--71

 []


Underfull \hbox (badness 10000) in paragraph at lines 70--71

 []

[1

{/usr/local/texlive/2013/texmf-var/fonts/map/pdftex/updmap/pdftex.map}]
Underfull \hbox (badness 10000) in paragraph at lines 78--79

 []


Underfull \hbox (badness 10000) in paragraph at lines 81--82

 []

<car1.jpg, id=17, 642.4pt x 481.8pt>
File: car1.jpg Graphic file (type jpg)
 <use car1.jpg>
Package pdftex.def Info: car1.jpg used on input line 86.
(pdftex.def)             Requested size: 187.89912pt x 94.1249pt.

<car2.jpg, id=19, 642.4pt x 481.8pt>
File: car2.jpg Graphic file (type jpg)
 <use car2.jpg>
Package pdftex.def Info: car2.jpg used on input line 87.
(pdftex.def)             Requested size: 187.89912pt x 94.1249pt.

<frame1.png, id=21, 783.92876pt x 552.0625pt>
File: frame1.png Graphic file (type png)
 <use frame1.png>
Package pdftex.def Info: frame1.png used on input line 97.
(pdftex.def)             Requested size: 187.89912pt x 118.06833pt.

<warped_frame2.png, id=23, 783.92876pt x 552.0625pt>
File: warped_frame2.png Graphic file (type png)
 <use warped_frame2.png>
Package pdftex.def Info: warped_frame2.png used on input line 98.
(pdftex.def)             Requested size: 187.89912pt x 118.06833pt.

<flow_field.png, id=25, 782.925pt x 551.05875pt>
File: flow_field.png Graphic file (type png)
 <use flow_field.png>
Package pdftex.def Info: flow_field.png used on input line 108.
(pdftex.def)             Requested size: 281.85585pt x 176.94743pt.

Underfull \hbox (badness 10000) in paragraph at lines 116--118

 []

[2 <./car1.jpg> <./car2.jpg> <./frame1.png (PNG copy)> <./warped_frame2.png (PN
G copy)>]
Underfull \hbox (badness 10000) in paragraph at lines 119--120

 []


Underfull \hbox (badness 10000) in paragraph at lines 119--120

 []


Underfull \hbox (badness 10000) in paragraph at lines 135--136

 []

<bookshelfMag/image1.jpg, id=35, 1284.8pt x 481.8pt>
File: bookshelfMag/image1.jpg Graphic file (type jpg)

<use bookshelfMag/image1.jpg>
Package pdftex.def Info: bookshelfMag/image1.jpg used on input line 140.
(pdftex.def)             Requested size: 211.3883pt x 60.47484pt.

<bookshelfMag/image17.jpg, id=37, 1284.8pt x 481.8pt>
File: bookshelfMag/image17.jpg Graphic file (type jpg)

<use bookshelfMag/image17.jpg>
Package pdftex.def Info: bookshelfMag/image17.jpg used on input line 141.
(pdftex.def)             Requested size: 211.3883pt x 60.47484pt.

<bookshelfMag/image3.jpg, id=39, 1284.8pt x 481.8pt>
File: bookshelfMag/image3.jpg Graphic file (type jpg)

<use bookshelfMag/image3.jpg>
Package pdftex.def Info: bookshelfMag/image3.jpg used on input line 142.
(pdftex.def)             Requested size: 211.3883pt x 60.47484pt.

<bookshelfMag/image19.jpg, id=41, 1284.8pt x 481.8pt>
File: bookshelfMag/image19.jpg Graphic file (type jpg)

<use bookshelfMag/image19.jpg>
Package pdftex.def Info: bookshelfMag/image19.jpg used on input line 143.
(pdftex.def)             Requested size: 211.3883pt x 60.47484pt.

<bookshelfMag/image5.jpg, id=43, 1284.8pt x 481.8pt>
File: bookshelfMag/image5.jpg Graphic file (type jpg)

<use bookshelfMag/image5.jpg>
Package pdftex.def Info: bookshelfMag/image5.jpg used on input line 144.
(pdftex.def)             Requested size: 211.3883pt x 60.47484pt.

<bookshelfMag/image21.jpg, id=45, 1284.8pt x 481.8pt>
File: bookshelfMag/image21.jpg Graphic file (type jpg)

<use bookshelfMag/image21.jpg>
Package pdftex.def Info: bookshelfMag/image21.jpg used on input line 145.
(pdftex.def)             Requested size: 211.3883pt x 60.47484pt.

<bookshelfMag/image7.jpg, id=47, 1284.8pt x 481.8pt>
File: bookshelfMag/image7.jpg Graphic file (type jpg)

<use bookshelfMag/image7.jpg>
Package pdftex.def Info: bookshelfMag/image7.jpg used on input line 146.
(pdftex.def)             Requested size: 211.3883pt x 60.47484pt.

<bookshelfMag/image23.jpg, id=49, 1284.8pt x 481.8pt>
File: bookshelfMag/image23.jpg Graphic file (type jpg)

<use bookshelfMag/image23.jpg>
Package pdftex.def Info: bookshelfMag/image23.jpg used on input line 147.
(pdftex.def)             Requested size: 211.3883pt x 60.47484pt.

<bookshelfMag/image9.jpg, id=51, 1284.8pt x 481.8pt>
File: bookshelfMag/image9.jpg Graphic file (type jpg)

<use bookshelfMag/image9.jpg>
Package pdftex.def Info: bookshelfMag/image9.jpg used on input line 148.
(pdftex.def)             Requested size: 211.3883pt x 60.47484pt.

<bookshelfMag/image25.jpg, id=53, 1284.8pt x 481.8pt>
File: bookshelfMag/image25.jpg Graphic file (type jpg)

<use bookshelfMag/image25.jpg>
Package pdftex.def Info: bookshelfMag/image25.jpg used on input line 149.
(pdftex.def)             Requested size: 211.3883pt x 60.47484pt.

<bookshelfMag/image11.jpg, id=55, 1284.8pt x 481.8pt>
File: bookshelfMag/image11.jpg Graphic file (type jpg)

<use bookshelfMag/image11.jpg>
Package pdftex.def Info: bookshelfMag/image11.jpg used on input line 150.
(pdftex.def)             Requested size: 211.3883pt x 60.47484pt.

<bookshelfMag/image27.jpg, id=57, 1284.8pt x 481.8pt>
File: bookshelfMag/image27.jpg Graphic file (type jpg)

<use bookshelfMag/image27.jpg>
Package pdftex.def Info: bookshelfMag/image27.jpg used on input line 151.
(pdftex.def)             Requested size: 211.3883pt x 60.47484pt.

<bookshelfMag/image13.jpg, id=59, 1284.8pt x 481.8pt>
File: bookshelfMag/image13.jpg Graphic file (type jpg)

<use bookshelfMag/image13.jpg>
Package pdftex.def Info: bookshelfMag/image13.jpg used on input line 152.
(pdftex.def)             Requested size: 211.3883pt x 60.47484pt.

<bookshelfMag/image29.jpg, id=61, 1284.8pt x 481.8pt>
File: bookshelfMag/image29.jpg Graphic file (type jpg)

<use bookshelfMag/image29.jpg>
Package pdftex.def Info: bookshelfMag/image29.jpg used on input line 153.
(pdftex.def)             Requested size: 211.3883pt x 60.47484pt.

<bookshelfMag/image15.jpg, id=63, 1284.8pt x 481.8pt>
File: bookshelfMag/image15.jpg Graphic file (type jpg)

<use bookshelfMag/image15.jpg>
Package pdftex.def Info: bookshelfMag/image15.jpg used on input line 154.
(pdftex.def)             Requested size: 211.3883pt x 60.47484pt.

<bookshelfMag/image31.jpg, id=65, 1284.8pt x 481.8pt>
File: bookshelfMag/image31.jpg Graphic file (type jpg)

<use bookshelfMag/image31.jpg>
Package pdftex.def Info: bookshelfMag/image31.jpg used on input line 155.
(pdftex.def)             Requested size: 211.3883pt x 60.47484pt.


LaTeX Warning: `h' float specifier changed to `ht'.

[3 <./flow_field.png (PNG copy)>] [4 <./bookshelfMag/image1.jpg> <./bookshelfMa
g/image17.jpg> <./bookshelfMag/image3.jpg> <./bookshelfMag/image19.jpg> <./book
shelfMag/image5.jpg> <./bookshelfMag/image21.jpg> <./bookshelfMag/image7.jpg> <
./bookshelfMag/image23.jpg> <./bookshelfMag/image9.jpg> <./bookshelfMag/image25
.jpg> <./bookshelfMag/image11.jpg> <./bookshelfMag/image27.jpg> <./bookshelfMag
/image13.jpg> <./bookshelfMag/image29.jpg> <./bookshelfMag/image15.jpg> <./book
shelfMag/image31.jpg>] (./pset8_template.aux)

LaTeX Warning: There were multiply-defined labels.

 ) 
Here is how much of TeX's memory you used:
 3520 strings out of 493315
 49404 string characters out of 6137904
 112102 words of memory out of 5000000
 6871 multiletter control sequences out of 15000+600000
 18802 words of font info for 50 fonts, out of 8000000 for 9000
 957 hyphenation exceptions out of 8191
 37i,10n,26p,894b,290s stack positions out of 5000i,500n,10000p,200000b,80000s
{/usr/local/texlive/2013/texmf-dist/fonts/enc/dvips/base/8r.enc}</usr/local/t
exlive/2013/texmf-dist/fonts/type1/public/amsfonts/cm/cmex10.pfb></usr/local/te
xlive/2013/texmf-dist/fonts/type1/public/amsfonts/cm/cmmi12.pfb></usr/local/tex
live/2013/texmf-dist/fonts/type1/public/amsfonts/cm/cmmi8.pfb></usr/local/texli
ve/2013/texmf-dist/fonts/type1/public/amsfonts/cm/cmr12.pfb></usr/local/texlive
/2013/texmf-dist/fonts/type1/public/amsfonts/cm/cmr8.pfb></usr/local/texlive/20
13/texmf-dist/fonts/type1/public/amsfonts/cm/cmsy10.pfb></usr/local/texlive/201
3/texmf-dist/fonts/type1/public/amsfonts/cm/cmsy6.pfb></usr/local/texlive/2013/
texmf-dist/fonts/type1/public/amsfonts/cm/cmsy8.pfb></usr/local/texlive/2013/te
xmf-dist/fonts/type1/urw/courier/ucrr8a.pfb></usr/local/texlive/2013/texmf-dist
/fonts/type1/urw/times/utmb8a.pfb></usr/local/texlive/2013/texmf-dist/fonts/typ
e1/urw/times/utmr8a.pfb></usr/local/texlive/2013/texmf-dist/fonts/type1/urw/tim
es/utmr8a.pfb></usr/local/texlive/2013/texmf-dist/fonts/type1/urw/times/utmri8a
.pfb>
Output written on pset8_template.pdf (4 pages, 2795118 bytes).
PDF statistics:
 133 PDF objects out of 1000 (max. 8388607)
 71 compressed objects within 1 object stream
 0 named destinations out of 1000 (max. 500000)
 232 words of extra memory for PDF output out of 10000 (max. 10000000)

