This is pdfTeX, Version 3.1415926-2.5-1.40.14 (TeX Live 2013) (format=pdflatex 2013.5.30)  9 OCT 2014 13:35
entering extended mode
 restricted \write18 enabled.
 %&-line parsing enabled.
**pset5_template.tex -recorder
(./pset5_template.tex
LaTeX2e <2011/06/27>
Babel <3.9f> and hyphenation patterns for 78 languages loaded.
(/usr/local/texlive/2013/texmf-dist/tex/latex/base/article.cls
Document Class: article 2007/10/19 v1.4h Standard LaTeX document class
(/usr/local/texlive/2013/texmf-dist/tex/latex/base/size12.clo
File: size12.clo 2007/10/19 v1.4h Standard LaTeX file (size option)
)
\c@part=\count79
\c@section=\count80
\c@subsection=\count81
\c@subsubsection=\count82
\c@paragraph=\count83
\c@subparagraph=\count84
\c@figure=\count85
\c@table=\count86
\abovecaptionskip=\skip41
\belowcaptionskip=\skip42
\bibindent=\dimen102
)
(/usr/local/texlive/2013/texmf-dist/tex/latex/amsmath/amsmath.sty
Package: amsmath 2013/01/14 v2.14 AMS math features
\@mathmargin=\skip43

For additional information on amsmath, use the `?' option.
(/usr/local/texlive/2013/texmf-dist/tex/latex/amsmath/amstext.sty
Package: amstext 2000/06/29 v2.01

(/usr/local/texlive/2013/texmf-dist/tex/latex/amsmath/amsgen.sty
File: amsgen.sty 1999/11/30 v2.0
\@emptytoks=\toks14
\ex@=\dimen103
))
(/usr/local/texlive/2013/texmf-dist/tex/latex/amsmath/amsbsy.sty
Package: amsbsy 1999/11/29 v1.2d
\pmbraise@=\dimen104
)
(/usr/local/texlive/2013/texmf-dist/tex/latex/amsmath/amsopn.sty
Package: amsopn 1999/12/14 v2.01 operator names
)
\inf@bad=\count87
LaTeX Info: Redefining \frac on input line 210.
\uproot@=\count88
\leftroot@=\count89
LaTeX Info: Redefining \overline on input line 306.
\classnum@=\count90
\DOTSCASE@=\count91
LaTeX Info: Redefining \ldots on input line 378.
LaTeX Info: Redefining \dots on input line 381.
LaTeX Info: Redefining \cdots on input line 466.
\Mathstrutbox@=\box26
\strutbox@=\box27
\big@size=\dimen105
LaTeX Font Info:    Redeclaring font encoding OML on input line 566.
LaTeX Font Info:    Redeclaring font encoding OMS on input line 567.
\macc@depth=\count92
\c@MaxMatrixCols=\count93
\dotsspace@=\muskip10
\c@parentequation=\count94
\dspbrk@lvl=\count95
\tag@help=\toks15
\row@=\count96
\column@=\count97
\maxfields@=\count98
\andhelp@=\toks16
\eqnshift@=\dimen106
\alignsep@=\dimen107
\tagshift@=\dimen108
\tagwidth@=\dimen109
\totwidth@=\dimen110
\lineht@=\dimen111
\@envbody=\toks17
\multlinegap=\skip44
\multlinetaggap=\skip45
\mathdisplay@stack=\toks18
LaTeX Info: Redefining \[ on input line 2665.
LaTeX Info: Redefining \] on input line 2666.
)
(/usr/local/texlive/2013/texmf-dist/tex/latex/amsfonts/amssymb.sty
Package: amssymb 2013/01/14 v3.01 AMS font symbols

(/usr/local/texlive/2013/texmf-dist/tex/latex/amsfonts/amsfonts.sty
Package: amsfonts 2013/01/14 v3.01 Basic AMSFonts support
\symAMSa=\mathgroup4
\symAMSb=\mathgroup5
LaTeX Font Info:    Overwriting math alphabet `\mathfrak' in version `bold'
(Font)                  U/euf/m/n --> U/euf/b/n on input line 106.
))
(/usr/local/texlive/2013/texmf-dist/tex/latex/graphics/color.sty
Package: color 2005/11/14 v1.0j Standard LaTeX Color (DPC)

(/usr/local/texlive/2013/texmf-dist/tex/latex/latexconfig/color.cfg
File: color.cfg 2007/01/18 v1.5 color configuration of teTeX/TeXLive
)
Package color Info: Driver file: pdftex.def on input line 130.

(/usr/local/texlive/2013/texmf-dist/tex/latex/pdftex-def/pdftex.def
File: pdftex.def 2011/05/27 v0.06d Graphics/color for pdfTeX

(/usr/local/texlive/2013/texmf-dist/tex/generic/oberdiek/infwarerr.sty
Package: infwarerr 2010/04/08 v1.3 Providing info/warning/error messages (HO)
)
(/usr/local/texlive/2013/texmf-dist/tex/generic/oberdiek/ltxcmds.sty
Package: ltxcmds 2011/11/09 v1.22 LaTeX kernel commands for general use (HO)
)
\Gread@gobject=\count99
))
(/usr/local/texlive/2013/texmf-dist/tex/latex/clrscode/clrscode.sty
Package: clrscode 2007/03/29 v1.7 format pseudocode

(/usr/local/texlive/2013/texmf-dist/tex/latex/base/latexsym.sty
Package: latexsym 1998/08/17 v2.2e Standard LaTeX package (lasy symbols)
\symlasy=\mathgroup6
LaTeX Font Info:    Overwriting symbol font `lasy' in version `bold'
(Font)                  U/lasy/m/n --> U/lasy/b/n on input line 47.
)
\c@codelinenumber=\count100
\c@indent=\count101
\digitwidth=\skip46
\savecode=\box28
\codeboxwidth=\skip47
\c@thisindent=\count102
)
(/usr/local/texlive/2013/texmf-dist/tex/latex/graphics/graphicx.sty
Package: graphicx 1999/02/16 v1.0f Enhanced LaTeX Graphics (DPC,SPQR)

(/usr/local/texlive/2013/texmf-dist/tex/latex/graphics/keyval.sty
Package: keyval 1999/03/16 v1.13 key=value parser (DPC)
\KV@toks@=\toks19
)
(/usr/local/texlive/2013/texmf-dist/tex/latex/graphics/graphics.sty
Package: graphics 2009/02/05 v1.0o Standard LaTeX Graphics (DPC,SPQR)

(/usr/local/texlive/2013/texmf-dist/tex/latex/graphics/trig.sty
Package: trig 1999/03/16 v1.09 sin cos tan (DPC)
)
(/usr/local/texlive/2013/texmf-dist/tex/latex/latexconfig/graphics.cfg
File: graphics.cfg 2010/04/23 v1.9 graphics configuration of TeX Live
)
Package graphics Info: Driver file: pdftex.def on input line 91.
)
\Gin@req@height=\dimen112
\Gin@req@width=\dimen113
)
(./macros.tex (/usr/local/texlive/2013/texmf-dist/tex/latex/psnfss/times.sty
Package: times 2005/04/12 PSNFSS-v9.2a (SPQR) 
)
(/usr/local/texlive/2013/texmf-dist/tex/latex/url/url.sty
\Urlmuskip=\muskip11
Package: url 2006/04/12  ver 3.3  Verb mode for urls, etc.
)
\toppush=\skip48
\c@problemnum=\count103
\c@problempartnum=\count104
\c@exercisenum=\count105
\c@exercisepartnum=\count106
\c@totalcaptions=\count107
\c@totalart=\count108
\halffigspace=\skip49
\wholefigspace=\skip50
\figruleheight=\skip51
\figgap=\skip52
\widefigspacewidth=\skip53
\macfigfill=\skip54
\bbx=\skip55
\bby=\skip56
\savearraycolsep=\skip57
\c@theorem=\count109
\c@xample=\count110
\c@definition=\count111
\c@handouts=\count112
)
(./pset5_template.aux)
\openout1 = `pset5_template.aux'.

LaTeX Font Info:    Checking defaults for OML/cmm/m/it on input line 29.
LaTeX Font Info:    ... okay on input line 29.
LaTeX Font Info:    Checking defaults for T1/cmr/m/n on input line 29.
LaTeX Font Info:    ... okay on input line 29.
LaTeX Font Info:    Checking defaults for OT1/cmr/m/n on input line 29.
LaTeX Font Info:    ... okay on input line 29.
LaTeX Font Info:    Checking defaults for OMS/cmsy/m/n on input line 29.
LaTeX Font Info:    ... okay on input line 29.
LaTeX Font Info:    Checking defaults for OMX/cmex/m/n on input line 29.
LaTeX Font Info:    ... okay on input line 29.
LaTeX Font Info:    Checking defaults for U/cmr/m/n on input line 29.
LaTeX Font Info:    ... okay on input line 29.
LaTeX Font Info:    Try loading font information for OT1+ptm on input line 29.

(/usr/local/texlive/2013/texmf-dist/tex/latex/psnfss/ot1ptm.fd
File: ot1ptm.fd 2001/06/04 font definitions for OT1/ptm.
)
(/usr/local/texlive/2013/texmf-dist/tex/context/base/supp-pdf.mkii
[Loading MPS to PDF converter (version 2006.09.02).]
\scratchcounter=\count113
\scratchdimen=\dimen114
\scratchbox=\box29
\nofMPsegments=\count114
\nofMParguments=\count115
\everyMPshowfont=\toks20
\MPscratchCnt=\count116
\MPscratchDim=\dimen115
\MPnumerator=\count117
\makeMPintoPDFobject=\count118
\everyMPtoPDFconversion=\toks21
) (/usr/local/texlive/2013/texmf-dist/tex/generic/oberdiek/pdftexcmds.sty
Package: pdftexcmds 2011/11/29 v0.20 Utility functions of pdfTeX for LuaTeX (HO
)

(/usr/local/texlive/2013/texmf-dist/tex/generic/oberdiek/ifluatex.sty
Package: ifluatex 2010/03/01 v1.3 Provides the ifluatex switch (HO)
Package ifluatex Info: LuaTeX not detected.
)
(/usr/local/texlive/2013/texmf-dist/tex/generic/oberdiek/ifpdf.sty
Package: ifpdf 2011/01/30 v2.3 Provides the ifpdf switch (HO)
Package ifpdf Info: pdfTeX in PDF mode is detected.
)
Package pdftexcmds Info: LuaTeX not detected.
Package pdftexcmds Info: \pdf@primitive is available.
Package pdftexcmds Info: \pdf@ifprimitive is available.
Package pdftexcmds Info: \pdfdraftmode found.
)
(/usr/local/texlive/2013/texmf-dist/tex/latex/oberdiek/epstopdf-base.sty
Package: epstopdf-base 2010/02/09 v2.5 Base part for package epstopdf

(/usr/local/texlive/2013/texmf-dist/tex/latex/oberdiek/grfext.sty
Package: grfext 2010/08/19 v1.1 Manage graphics extensions (HO)

(/usr/local/texlive/2013/texmf-dist/tex/generic/oberdiek/kvdefinekeys.sty
Package: kvdefinekeys 2011/04/07 v1.3 Define keys (HO)
))
(/usr/local/texlive/2013/texmf-dist/tex/latex/oberdiek/kvoptions.sty
Package: kvoptions 2011/06/30 v3.11 Key value format for package options (HO)

(/usr/local/texlive/2013/texmf-dist/tex/generic/oberdiek/kvsetkeys.sty
Package: kvsetkeys 2012/04/25 v1.16 Key value parser (HO)

(/usr/local/texlive/2013/texmf-dist/tex/generic/oberdiek/etexcmds.sty
Package: etexcmds 2011/02/16 v1.5 Avoid name clashes with e-TeX commands (HO)
Package etexcmds Info: Could not find \expanded.
(etexcmds)             That can mean that you are not using pdfTeX 1.50 or
(etexcmds)             that some package has redefined \expanded.
(etexcmds)             In the latter case, load this package earlier.
)))
Package grfext Info: Graphics extension search list:
(grfext)             [.png,.pdf,.jpg,.mps,.jpeg,.jbig2,.jb2,.PNG,.PDF,.JPG,.JPE
G,.JBIG2,.JB2,.eps]
(grfext)             \AppendGraphicsExtensions on input line 452.

(/usr/local/texlive/2013/texmf-dist/tex/latex/latexconfig/epstopdf-sys.cfg
File: epstopdf-sys.cfg 2010/07/13 v1.3 Configuration of (r)epstopdf for TeX Liv
e
))
LaTeX Font Info:    Try loading font information for U+msa on input line 31.

(/usr/local/texlive/2013/texmf-dist/tex/latex/amsfonts/umsa.fd
File: umsa.fd 2013/01/14 v3.01 AMS symbols A
)
LaTeX Font Info:    Try loading font information for U+msb on input line 31.

(/usr/local/texlive/2013/texmf-dist/tex/latex/amsfonts/umsb.fd
File: umsb.fd 2013/01/14 v3.01 AMS symbols B
)
LaTeX Font Info:    Try loading font information for U+lasy on input line 31.

(/usr/local/texlive/2013/texmf-dist/tex/latex/base/ulasy.fd
File: ulasy.fd 1998/08/17 v2.2e LaTeX symbol font definitions
)
Underfull \hbox (badness 10000) in paragraph at lines 31--31

 []

LaTeX Font Info:    Font shape `OT1/ptm/bx/n' in size <17.28> not available
(Font)              Font shape `OT1/ptm/b/n' tried instead on input line 31.
LaTeX Font Info:    Try loading font information for OT1+pcr on input line 32.
(/usr/local/texlive/2013/texmf-dist/tex/latex/psnfss/ot1pcr.fd
File: ot1pcr.fd 2001/06/04 font definitions for OT1/pcr.
)
LaTeX Font Info:    Font shape `OT1/ptm/bx/n' in size <12> not available
(Font)              Font shape `OT1/ptm/b/n' tried instead on input line 38.

Underfull \hbox (badness 10000) in paragraph at lines 38--42

 []


Underfull \hbox (badness 10000) in paragraph at lines 43--47

 []

<markov.png, id=1, 411.5375pt x 197.73875pt>
File: markov.png Graphic file (type png)
 <use markov.png>
Package pdftex.def Info: markov.png used on input line 52.
(pdftex.def)             Requested size: 205.76825pt x 98.86913pt.

Overfull \hbox (2.50044pt too wide) in paragraph at lines 55--61
\OT1/ptm/m/n/12 Mes-sages from node j to node i were com-puted as fol-lows: $\O
ML/cmm/m/it/12 m[]\OT1/cmr/m/n/12 (\OML/cmm/m/it/12 x[]\OT1/cmr/m/n/12 ) = [] \
OML/cmm/m/it/12  []\OT1/cmr/m/n/12 (\OML/cmm/m/it/12 x[]; x[]\OT1/cmr/m/n/12 ) 
[] \OML/cmm/m/it/12 m[]\OT1/cmr/m/n/12 (\OML/cmm/m/it/12 x[]\OT1/cmr/m/n/12 )$ 

 []


Underfull \hbox (badness 10000) in paragraph at lines 55--61

 []


Underfull \hbox (badness 10000) in paragraph at lines 62--64

 []


Underfull \hbox (badness 10000) in paragraph at lines 68--70

 []


Underfull \hbox (badness 10000) in paragraph at lines 71--73

 []

[1

{/usr/local/texlive/2013/texmf-var/fonts/map/pdftex/updmap/pdftex.map} <./marko
v.png>]
Underfull \hbox (badness 10000) in paragraph at lines 74--76

 []

<5_1d.png, id=19, 1445.4pt x 803.0pt>
File: 5_1d.png Graphic file (type png)
 <use 5_1d.png>
Package pdftex.def Info: 5_1d.png used on input line 79.
(pdftex.def)             Requested size: 578.14977pt x 321.1943pt.

Overfull \hbox (60.57965pt too wide) in paragraph at lines 77--80
[]   [] 
 []


Underfull \hbox (badness 10000) in paragraph at lines 81--83

 []


Underfull \hbox (badness 10000) in paragraph at lines 84--86

 []

<5_1e.png, id=20, 1445.4pt x 803.0pt>
File: 5_1e.png Graphic file (type png)
 <use 5_1e.png>
Package pdftex.def Info: 5_1e.png used on input line 88.
(pdftex.def)             Requested size: 433.62335pt x 240.90186pt.

Underfull \vbox (badness 10000) has occurred while \output is active []

 [2 <./5_1d.png (PNG copy)>]
Underfull \hbox (badness 10000) in paragraph at lines 90--92

 []

<5_1lambda0_b.png, id=25, 1445.4pt x 803.0pt>
File: 5_1lambda0_b.png Graphic file (type png)
 <use 5_1lambda0_b.png>
Package pdftex.def Info: 5_1lambda0_b.png used on input line 96.
(pdftex.def)             Requested size: 260.16077pt x 144.53375pt.

<5_1lambda1_b.png, id=26, 1445.4pt x 803.0pt>
File: 5_1lambda1_b.png Graphic file (type png)
 <use 5_1lambda1_b.png>
Package pdftex.def Info: 5_1lambda1_b.png used on input line 97.
(pdftex.def)             Requested size: 260.16077pt x 144.53375pt.

Overfull \hbox (32.75142pt too wide) in paragraph at lines 95--98
[]  [] [] 
 []


Underfull \hbox (badness 10000) in paragraph at lines 95--98

 []

<5_1lambda5_b.png, id=27, 1445.4pt x 803.0pt>
File: 5_1lambda5_b.png Graphic file (type png)
 <use 5_1lambda5_b.png>
Package pdftex.def Info: 5_1lambda5_b.png used on input line 100.
(pdftex.def)             Requested size: 260.16077pt x 144.53375pt.

<5_1lambdaOne_b.png, id=28, 1445.4pt x 803.0pt>
File: 5_1lambdaOne_b.png Graphic file (type png)
 <use 5_1lambdaOne_b.png>
Package pdftex.def Info: 5_1lambdaOne_b.png used on input line 101.
(pdftex.def)             Requested size: 260.16077pt x 144.53375pt.

Overfull \hbox (32.75142pt too wide) in paragraph at lines 99--102
[]  [] [] 
 []


Underfull \hbox (badness 10000) in paragraph at lines 99--102

 []


Underfull \hbox (badness 10000) in paragraph at lines 103--105

 []


Underfull \vbox (badness 1478) has occurred while \output is active []

 [3 <./5_1e.png (PNG copy)> <./5_1lambda0_b.png (PNG copy)> <./5_1lambda1_b.png
 (PNG copy)> <./5_1lambda5_b.png (PNG copy)> <./5_1lambdaOne_b.png (PNG copy)>]

Underfull \hbox (badness 10000) in paragraph at lines 106--108

 []

<5_1g.png, id=32, 1445.4pt x 803.0pt>
File: 5_1g.png Graphic file (type png)
 <use 5_1g.png>
Package pdftex.def Info: 5_1g.png used on input line 111.
(pdftex.def)             Requested size: 578.14977pt x 321.1943pt.

Overfull \hbox (60.57965pt too wide) in paragraph at lines 109--112
[]   [] 
 []


Underfull \hbox (badness 10000) in paragraph at lines 113--115

 []


Underfull \hbox (badness 10000) in paragraph at lines 120--122

 []


Underfull \hbox (badness 10000) in paragraph at lines 123--125

 []

<5_1a.png, id=33, 1445.4pt x 803.0pt>
File: 5_1a.png Graphic file (type png)
 <use 5_1a.png>
Package pdftex.def Info: 5_1a.png used on input line 127.
(pdftex.def)             Requested size: 216.80064pt x 120.4448pt.

<5_1b.png, id=34, 1445.4pt x 803.0pt>
File: 5_1b.png Graphic file (type png)
 <use 5_1b.png>
Package pdftex.def Info: 5_1b.png used on input line 128.
(pdftex.def)             Requested size: 216.80064pt x 120.4448pt.

<5_1c.png, id=35, 1445.4pt x 803.0pt>
File: 5_1c.png Graphic file (type png)
 <use 5_1c.png>
Package pdftex.def Info: 5_1c.png used on input line 129.
(pdftex.def)             Requested size: 216.80064pt x 120.4448pt.
File: 5_1d.png Graphic file (type png)
 <use 5_1d.png>
Package pdftex.def Info: 5_1d.png used on input line 130.
(pdftex.def)             Requested size: 216.80064pt x 120.4448pt.
File: 5_1e.png Graphic file (type png)

<use 5_1e.png>
Package pdftex.def Info: 5_1e.png used on input line 131.
(pdftex.def)             Requested size: 216.80064pt x 120.4448pt.
 <5_1f.png, id=36, 1445.4pt x 803.0pt>
File: 5_1f.png Graphic file (type png)
 <use 5_1f.png>
Package pdftex.def Info: 5_1f.png used on input line 132.
(pdftex.def)             Requested size: 216.80064pt x 120.4448pt.
File: 5_1g.png Graphic file (type png)

<use 5_1g.png>
Package pdftex.def Info: 5_1g.png used on input line 133.
(pdftex.def)             Requested size: 216.80064pt x 120.4448pt.
 [4 <./5_1g.png (PNG copy)>]
Overfull \hbox (87.08025pt too wide) in paragraph at lines 137--139
\OT1/ptm/m/n/12 pseu-docode pro-vided at \OT1/pcr/m/n/12 http://graphics.cs.cmu
.edu/people/efros/research/NPS/alg.html\OT1/ptm/m/n/12 .
 []


Underfull \hbox (badness 10000) in paragraph at lines 137--139

 []

[5 <./5_1a.png (PNG copy)> <./5_1b.png (PNG copy)> <./5_1c.png (PNG copy)> <./5
_1f.png (PNG copy)>]
Underfull \hbox (badness 10000) in paragraph at lines 159--161

 []


Underfull \hbox (badness 10000) in paragraph at lines 159--161

 []


Underfull \hbox (badness 10000) in paragraph at lines 162--164

 []

<rings.jpg, id=43, 34.1275pt x 34.1275pt>
File: rings.jpg Graphic file (type jpg)
 <use rings.jpg>
Package pdftex.def Info: rings.jpg used on input line 168.
(pdftex.def)             Requested size: 34.1274pt x 34.1274pt.

<5_2a.png, id=45, 562.1pt x 420.57124pt>
File: 5_2a.png Graphic file (type png)
 <use 5_2a.png>
Package pdftex.def Info: 5_2a.png used on input line 175.
(pdftex.def)             Requested size: 562.09863pt x 170.57083pt.

Overfull \hbox (42.24849pt too wide) in paragraph at lines 174--176
[]  [] 
 []


Underfull \hbox (badness 10000) in paragraph at lines 174--176

 []

[6 <./rings.jpg> <./5_2a.png (PNG copy)>]
<5_2b.png, id=52, 562.1pt x 420.57124pt>
File: 5_2b.png Graphic file (type png)
 <use 5_2b.png>
Package pdftex.def Info: 5_2b.png used on input line 180.
(pdftex.def)             Requested size: 502.09879pt x 170.57083pt.

<5_2c.png, id=54, 562.1pt x 420.57124pt>
File: 5_2c.png Graphic file (type png)
 <use 5_2c.png>
Package pdftex.def Info: 5_2c.png used on input line 181.
(pdftex.def)             Requested size: 502.09879pt x 170.57083pt.

<5_2d.png, id=56, 562.1pt x 420.57124pt>
File: 5_2d.png Graphic file (type png)
 <use 5_2d.png>
Package pdftex.def Info: 5_2d.png used on input line 182.
(pdftex.def)             Requested size: 502.09879pt x 170.57083pt.

Overfull \hbox (32.24864pt too wide) in paragraph at lines 179--183
[]  [] 
 []


Overfull \hbox (32.3438pt too wide) in paragraph at lines 179--183
[] 
 []


Overfull \hbox (32.3438pt too wide) in paragraph at lines 179--183
[] 
 []


Underfull \hbox (badness 10000) in paragraph at lines 179--183

 []


Underfull \vbox (badness 7186) has occurred while \output is active []

 [7 <./5_2b.png (PNG copy)> <./5_2c.png (PNG copy)> <./5_2d.png (PNG copy)>] [8
]
(./pset5_template.aux) ) 
Here is how much of TeX's memory you used:
 2956 strings out of 493315
 38811 string characters out of 6137904
 101032 words of memory out of 5000000
 6323 multiletter control sequences out of 15000+600000
 17788 words of font info for 48 fonts, out of 8000000 for 9000
 957 hyphenation exceptions out of 8191
 37i,6n,26p,750b,195s stack positions out of 5000i,500n,10000p,200000b,80000s
{/usr/local/texlive/2013/texmf-dist/fonts/enc/dvips/bas
e/8r.enc}</usr/local/texlive/2013/texmf-dist/fonts/type1/public/amsfonts/cm/cme
x10.pfb></usr/local/texlive/2013/texmf-dist/fonts/type1/public/amsfonts/cm/cmmi
12.pfb></usr/local/texlive/2013/texmf-dist/fonts/type1/public/amsfonts/cm/cmmi6
.pfb></usr/local/texlive/2013/texmf-dist/fonts/type1/public/amsfonts/cm/cmmi8.p
fb></usr/local/texlive/2013/texmf-dist/fonts/type1/public/amsfonts/cm/cmr12.pfb
></usr/local/texlive/2013/texmf-dist/fonts/type1/public/amsfonts/cm/cmr8.pfb></
usr/local/texlive/2013/texmf-dist/fonts/type1/public/amsfonts/cm/cmsy10.pfb></u
sr/local/texlive/2013/texmf-dist/fonts/type1/public/amsfonts/cm/cmsy8.pfb></usr
/local/texlive/2013/texmf-dist/fonts/type1/urw/courier/ucrr8a.pfb></usr/local/t
exlive/2013/texmf-dist/fonts/type1/urw/times/utmb8a.pfb></usr/local/texlive/201
3/texmf-dist/fonts/type1/urw/times/utmr8a.pfb></usr/local/texlive/2013/texmf-di
st/fonts/type1/urw/times/utmr8a.pfb></usr/local/texlive/2013/texmf-dist/fonts/t
ype1/urw/times/utmri8a.pfb>
Output written on pset5_template.pdf (8 pages, 759354 bytes).
PDF statistics:
 111 PDF objects out of 1000 (max. 8388607)
 65 compressed objects within 1 object stream
 0 named destinations out of 1000 (max. 500000)
 116 words of extra memory for PDF output out of 10000 (max. 10000000)

