This is pdfTeX, Version 3.1415926-2.5-1.40.14 (TeX Live 2013) (format=pdflatex 2013.5.30)  17 SEP 2014 02:07
entering extended mode
 restricted \write18 enabled.
 %&-line parsing enabled.
**pset2_template.tex -recorder
(./pset2_template.tex
LaTeX2e <2011/06/27>
Babel <3.9f> and hyphenation patterns for 78 languages loaded.
(/usr/local/texlive/2013/texmf-dist/tex/latex/base/article.cls
Document Class: article 2007/10/19 v1.4h Standard LaTeX document class
(/usr/local/texlive/2013/texmf-dist/tex/latex/base/size12.clo
File: size12.clo 2007/10/19 v1.4h Standard LaTeX file (size option)
)
\c@part=\count79
\c@section=\count80
\c@subsection=\count81
\c@subsubsection=\count82
\c@paragraph=\count83
\c@subparagraph=\count84
\c@figure=\count85
\c@table=\count86
\abovecaptionskip=\skip41
\belowcaptionskip=\skip42
\bibindent=\dimen102
)
(/usr/local/texlive/2013/texmf-dist/tex/latex/amsmath/amsmath.sty
Package: amsmath 2013/01/14 v2.14 AMS math features
\@mathmargin=\skip43

For additional information on amsmath, use the `?' option.
(/usr/local/texlive/2013/texmf-dist/tex/latex/amsmath/amstext.sty
Package: amstext 2000/06/29 v2.01

(/usr/local/texlive/2013/texmf-dist/tex/latex/amsmath/amsgen.sty
File: amsgen.sty 1999/11/30 v2.0
\@emptytoks=\toks14
\ex@=\dimen103
))
(/usr/local/texlive/2013/texmf-dist/tex/latex/amsmath/amsbsy.sty
Package: amsbsy 1999/11/29 v1.2d
\pmbraise@=\dimen104
)
(/usr/local/texlive/2013/texmf-dist/tex/latex/amsmath/amsopn.sty
Package: amsopn 1999/12/14 v2.01 operator names
)
\inf@bad=\count87
LaTeX Info: Redefining \frac on input line 210.
\uproot@=\count88
\leftroot@=\count89
LaTeX Info: Redefining \overline on input line 306.
\classnum@=\count90
\DOTSCASE@=\count91
LaTeX Info: Redefining \ldots on input line 378.
LaTeX Info: Redefining \dots on input line 381.
LaTeX Info: Redefining \cdots on input line 466.
\Mathstrutbox@=\box26
\strutbox@=\box27
\big@size=\dimen105
LaTeX Font Info:    Redeclaring font encoding OML on input line 566.
LaTeX Font Info:    Redeclaring font encoding OMS on input line 567.
\macc@depth=\count92
\c@MaxMatrixCols=\count93
\dotsspace@=\muskip10
\c@parentequation=\count94
\dspbrk@lvl=\count95
\tag@help=\toks15
\row@=\count96
\column@=\count97
\maxfields@=\count98
\andhelp@=\toks16
\eqnshift@=\dimen106
\alignsep@=\dimen107
\tagshift@=\dimen108
\tagwidth@=\dimen109
\totwidth@=\dimen110
\lineht@=\dimen111
\@envbody=\toks17
\multlinegap=\skip44
\multlinetaggap=\skip45
\mathdisplay@stack=\toks18
LaTeX Info: Redefining \[ on input line 2665.
LaTeX Info: Redefining \] on input line 2666.
)
(/usr/local/texlive/2013/texmf-dist/tex/latex/graphics/color.sty
Package: color 2005/11/14 v1.0j Standard LaTeX Color (DPC)

(/usr/local/texlive/2013/texmf-dist/tex/latex/latexconfig/color.cfg
File: color.cfg 2007/01/18 v1.5 color configuration of teTeX/TeXLive
)
Package color Info: Driver file: pdftex.def on input line 130.

(/usr/local/texlive/2013/texmf-dist/tex/latex/pdftex-def/pdftex.def
File: pdftex.def 2011/05/27 v0.06d Graphics/color for pdfTeX

(/usr/local/texlive/2013/texmf-dist/tex/generic/oberdiek/infwarerr.sty
Package: infwarerr 2010/04/08 v1.3 Providing info/warning/error messages (HO)
)
(/usr/local/texlive/2013/texmf-dist/tex/generic/oberdiek/ltxcmds.sty
Package: ltxcmds 2011/11/09 v1.22 LaTeX kernel commands for general use (HO)
)
\Gread@gobject=\count99
))
(/usr/local/texlive/2013/texmf-dist/tex/latex/clrscode/clrscode.sty
Package: clrscode 2007/03/29 v1.7 format pseudocode

(/usr/local/texlive/2013/texmf-dist/tex/latex/base/latexsym.sty
Package: latexsym 1998/08/17 v2.2e Standard LaTeX package (lasy symbols)
\symlasy=\mathgroup4
LaTeX Font Info:    Overwriting symbol font `lasy' in version `bold'
(Font)                  U/lasy/m/n --> U/lasy/b/n on input line 47.
)
\c@codelinenumber=\count100
\c@indent=\count101
\digitwidth=\skip46
\savecode=\box28
\codeboxwidth=\skip47
\c@thisindent=\count102
)
(/usr/local/texlive/2013/texmf-dist/tex/latex/graphics/graphicx.sty
Package: graphicx 1999/02/16 v1.0f Enhanced LaTeX Graphics (DPC,SPQR)

(/usr/local/texlive/2013/texmf-dist/tex/latex/graphics/keyval.sty
Package: keyval 1999/03/16 v1.13 key=value parser (DPC)
\KV@toks@=\toks19
)
(/usr/local/texlive/2013/texmf-dist/tex/latex/graphics/graphics.sty
Package: graphics 2009/02/05 v1.0o Standard LaTeX Graphics (DPC,SPQR)

(/usr/local/texlive/2013/texmf-dist/tex/latex/graphics/trig.sty
Package: trig 1999/03/16 v1.09 sin cos tan (DPC)
)
(/usr/local/texlive/2013/texmf-dist/tex/latex/latexconfig/graphics.cfg
File: graphics.cfg 2010/04/23 v1.9 graphics configuration of TeX Live
)
Package graphics Info: Driver file: pdftex.def on input line 91.
)
\Gin@req@height=\dimen112
\Gin@req@width=\dimen113
)
(./macros.tex (/usr/local/texlive/2013/texmf-dist/tex/latex/psnfss/times.sty
Package: times 2005/04/12 PSNFSS-v9.2a (SPQR) 
)
(/usr/local/texlive/2013/texmf-dist/tex/latex/url/url.sty
\Urlmuskip=\muskip11
Package: url 2006/04/12  ver 3.3  Verb mode for urls, etc.
)
\toppush=\skip48
\c@problemnum=\count103
\c@problempartnum=\count104
\c@exercisenum=\count105
\c@exercisepartnum=\count106
\c@totalcaptions=\count107
\c@totalart=\count108
\halffigspace=\skip49
\wholefigspace=\skip50
\figruleheight=\skip51
\figgap=\skip52
\widefigspacewidth=\skip53
\macfigfill=\skip54
\bbx=\skip55
\bby=\skip56
\savearraycolsep=\skip57
\c@theorem=\count109
\c@xample=\count110
\c@definition=\count111
\c@handouts=\count112
)
(./pset2_template.aux)
\openout1 = `pset2_template.aux'.

LaTeX Font Info:    Checking defaults for OML/cmm/m/it on input line 28.
LaTeX Font Info:    ... okay on input line 28.
LaTeX Font Info:    Checking defaults for T1/cmr/m/n on input line 28.
LaTeX Font Info:    ... okay on input line 28.
LaTeX Font Info:    Checking defaults for OT1/cmr/m/n on input line 28.
LaTeX Font Info:    ... okay on input line 28.
LaTeX Font Info:    Checking defaults for OMS/cmsy/m/n on input line 28.
LaTeX Font Info:    ... okay on input line 28.
LaTeX Font Info:    Checking defaults for OMX/cmex/m/n on input line 28.
LaTeX Font Info:    ... okay on input line 28.
LaTeX Font Info:    Checking defaults for U/cmr/m/n on input line 28.
LaTeX Font Info:    ... okay on input line 28.
LaTeX Font Info:    Try loading font information for OT1+ptm on input line 28.

(/usr/local/texlive/2013/texmf-dist/tex/latex/psnfss/ot1ptm.fd
File: ot1ptm.fd 2001/06/04 font definitions for OT1/ptm.
)
(/usr/local/texlive/2013/texmf-dist/tex/context/base/supp-pdf.mkii
[Loading MPS to PDF converter (version 2006.09.02).]
\scratchcounter=\count113
\scratchdimen=\dimen114
\scratchbox=\box29
\nofMPsegments=\count114
\nofMParguments=\count115
\everyMPshowfont=\toks20
\MPscratchCnt=\count116
\MPscratchDim=\dimen115
\MPnumerator=\count117
\makeMPintoPDFobject=\count118
\everyMPtoPDFconversion=\toks21
) (/usr/local/texlive/2013/texmf-dist/tex/generic/oberdiek/pdftexcmds.sty
Package: pdftexcmds 2011/11/29 v0.20 Utility functions of pdfTeX for LuaTeX (HO
)

(/usr/local/texlive/2013/texmf-dist/tex/generic/oberdiek/ifluatex.sty
Package: ifluatex 2010/03/01 v1.3 Provides the ifluatex switch (HO)
Package ifluatex Info: LuaTeX not detected.
)
(/usr/local/texlive/2013/texmf-dist/tex/generic/oberdiek/ifpdf.sty
Package: ifpdf 2011/01/30 v2.3 Provides the ifpdf switch (HO)
Package ifpdf Info: pdfTeX in PDF mode is detected.
)
Package pdftexcmds Info: LuaTeX not detected.
Package pdftexcmds Info: \pdf@primitive is available.
Package pdftexcmds Info: \pdf@ifprimitive is available.
Package pdftexcmds Info: \pdfdraftmode found.
)
(/usr/local/texlive/2013/texmf-dist/tex/latex/oberdiek/epstopdf-base.sty
Package: epstopdf-base 2010/02/09 v2.5 Base part for package epstopdf

(/usr/local/texlive/2013/texmf-dist/tex/latex/oberdiek/grfext.sty
Package: grfext 2010/08/19 v1.1 Manage graphics extensions (HO)

(/usr/local/texlive/2013/texmf-dist/tex/generic/oberdiek/kvdefinekeys.sty
Package: kvdefinekeys 2011/04/07 v1.3 Define keys (HO)
))
(/usr/local/texlive/2013/texmf-dist/tex/latex/oberdiek/kvoptions.sty
Package: kvoptions 2011/06/30 v3.11 Key value format for package options (HO)

(/usr/local/texlive/2013/texmf-dist/tex/generic/oberdiek/kvsetkeys.sty
Package: kvsetkeys 2012/04/25 v1.16 Key value parser (HO)

(/usr/local/texlive/2013/texmf-dist/tex/generic/oberdiek/etexcmds.sty
Package: etexcmds 2011/02/16 v1.5 Avoid name clashes with e-TeX commands (HO)
Package etexcmds Info: Could not find \expanded.
(etexcmds)             That can mean that you are not using pdfTeX 1.50 or
(etexcmds)             that some package has redefined \expanded.
(etexcmds)             In the latter case, load this package earlier.
)))
Package grfext Info: Graphics extension search list:
(grfext)             [.png,.pdf,.jpg,.mps,.jpeg,.jbig2,.jb2,.PNG,.PDF,.JPG,.JPE
G,.JBIG2,.JB2,.eps]
(grfext)             \AppendGraphicsExtensions on input line 452.

(/usr/local/texlive/2013/texmf-dist/tex/latex/latexconfig/epstopdf-sys.cfg
File: epstopdf-sys.cfg 2010/07/13 v1.3 Configuration of (r)epstopdf for TeX Liv
e
))
LaTeX Font Info:    Try loading font information for U+lasy on input line 30.

(/usr/local/texlive/2013/texmf-dist/tex/latex/base/ulasy.fd
File: ulasy.fd 1998/08/17 v2.2e LaTeX symbol font definitions
)
Underfull \hbox (badness 10000) in paragraph at lines 30--30

 []

LaTeX Font Info:    Font shape `OT1/ptm/bx/n' in size <17.28> not available
(Font)              Font shape `OT1/ptm/b/n' tried instead on input line 30.
LaTeX Font Info:    Try loading font information for OT1+pcr on input line 31.
(/usr/local/texlive/2013/texmf-dist/tex/latex/psnfss/ot1pcr.fd
File: ot1pcr.fd 2001/06/04 font definitions for OT1/pcr.
)
LaTeX Font Info:    Font shape `OT1/ptm/bx/n' in size <12> not available
(Font)              Font shape `OT1/ptm/b/n' tried instead on input line 34.

Underfull \hbox (badness 10000) in paragraph at lines 34--36

 []

<appleInput.jpg, id=1, 376.40625pt x 238.8925pt>
File: appleInput.jpg Graphic file (type jpg)
 <use appleInput.jpg>
Package pdftex.def Info: appleInput.jpg used on input line 42.
(pdftex.def)             Requested size: 150.0pt x 75.27608pt.

<appleOutput.jpg, id=3, 376.40625pt x 238.8925pt>
File: appleOutput.jpg Graphic file (type jpg)
 <use appleOutput.jpg>
Package pdftex.def Info: appleOutput.jpg used on input line 43.
(pdftex.def)             Requested size: 150.0pt x 75.27608pt.

<appleLR.jpg, id=5, 562.1pt x 420.57124pt>
File: appleLR.jpg Graphic file (type jpg)
 <use appleLR.jpg>
Package pdftex.def Info: appleLR.jpg used on input line 50.
(pdftex.def)             Requested size: 150.0pt x 91.37044pt.

<appleLG.jpg, id=7, 562.1pt x 420.57124pt>
File: appleLG.jpg Graphic file (type jpg)
 <use appleLG.jpg>
Package pdftex.def Info: appleLG.jpg used on input line 51.
(pdftex.def)             Requested size: 150.0pt x 91.37044pt.

<appleLB.jpg, id=9, 562.1pt x 420.57124pt>
File: appleLB.jpg Graphic file (type jpg)
 <use appleLB.jpg>
Package pdftex.def Info: appleLB.jpg used on input line 52.
(pdftex.def)             Requested size: 150.0pt x 91.37044pt.

Overfull \hbox (2.42989pt too wide) in paragraph at lines 50--54
[][] [] [] 
 []


Underfull \hbox (badness 10000) in paragraph at lines 50--54

 []


Underfull \hbox (badness 10000) in paragraph at lines 55--57

 []


Underfull \hbox (badness 10000) in paragraph at lines 58--61

 []

<andremo_pic.jpg, id=11, 642.4pt x 642.4pt>
File: andremo_pic.jpg Graphic file (type jpg)
 <use andremo_pic.jpg>
Package pdftex.def Info: andremo_pic.jpg used on input line 64.
(pdftex.def)             Requested size: 150.0pt x 149.99359pt.

<toast.jpg, id=12, 154.176pt x 154.176pt>
File: toast.jpg Graphic file (type jpg)
 <use toast.jpg>
Package pdftex.def Info: toast.jpg used on input line 65.
(pdftex.def)             Requested size: 150.0pt x 150.0022pt.

Underfull \hbox (badness 10000) in paragraph at lines 63--67

 []

[1

{/usr/local/texlive/2013/texmf-var/fonts/map/pdftex/updmap/pdftex.map} <./apple
Input.jpg> <./appleOutput.jpg> <./appleLR.jpg> <./appleLG.jpg> <./appleLB.jpg> 
<./andremo_pic.jpg> <./toast.jpg>]
<andremo_lpyr_r.jpg, id=27, 562.1pt x 420.57124pt>
File: andremo_lpyr_r.jpg Graphic file (type jpg)
 <use andremo_lpyr_r.jpg>
Package pdftex.def Info: andremo_lpyr_r.jpg used on input line 73.
(pdftex.def)             Requested size: 150.0pt x 112.22736pt.

<andremo_lpyr_g.jpg, id=28, 562.1pt x 420.57124pt>
File: andremo_lpyr_g.jpg Graphic file (type jpg)
 <use andremo_lpyr_g.jpg>
Package pdftex.def Info: andremo_lpyr_g.jpg used on input line 74.
(pdftex.def)             Requested size: 150.0pt x 112.22736pt.

<andremo_lpyr_b.jpg, id=29, 563.10374pt x 420.57124pt>
File: andremo_lpyr_b.jpg Graphic file (type jpg)

<use andremo_lpyr_b.jpg>
Package pdftex.def Info: andremo_lpyr_b.jpg used on input line 75.
(pdftex.def)             Requested size: 150.0pt x 112.02841pt.

Overfull \hbox (2.42989pt too wide) in paragraph at lines 73--76
[][] [] [] 
 []

<toast_lpyr_r.jpg, id=30, 562.1pt x 420.57124pt>
File: toast_lpyr_r.jpg Graphic file (type jpg)
 <use toast_lpyr_r.jpg>
Package pdftex.def Info: toast_lpyr_r.jpg used on input line 82.
(pdftex.def)             Requested size: 150.0pt x 112.22736pt.
File: toast_lpyr_r.jpg Graphic file (type jpg)

<use toast_lpyr_r.jpg>
Package pdftex.def Info: toast_lpyr_r.jpg used on input line 83.
(pdftex.def)             Requested size: 150.0pt x 112.22736pt.
File: toast_lpyr_r.jpg Graphic file (type jpg)
 <use toast_lpyr_r.jpg>
Package pdftex.def Info: toast_lpyr_r.jpg used on input line 84.
(pdftex.def)             Requested size: 150.0pt x 112.22736pt.

Overfull \hbox (2.42989pt too wide) in paragraph at lines 82--85
[][] [] [] 
 []

<lmask.jpg, id=31, 784.9325pt x 711.65875pt>
File: lmask.jpg Graphic file (type jpg)
 <use lmask.jpg>
Package pdftex.def Info: lmask.jpg used on input line 91.
(pdftex.def)             Requested size: 150.0pt x 135.99841pt.

<lblended_image.jpg, id=32, 784.9325pt x 711.65875pt>
File: lblended_image.jpg Graphic file (type jpg)
 <use lblended_image.jpg>
Package pdftex.def Info: lblended_image.jpg used on input line 92.
(pdftex.def)             Requested size: 150.0pt x 135.99841pt.

Underfull \hbox (badness 10000) in paragraph at lines 96--98

 []

<husky.jpg, id=33, 642.4pt x 642.4pt>
File: husky.jpg Graphic file (type jpg)
 <use husky.jpg>
Package pdftex.def Info: husky.jpg used on input line 101.
(pdftex.def)             Requested size: 120.0pt x 119.9988pt.
File: andremo_pic.jpg Graphic file (type jpg)
 <use andremo_pic.jpg>
Package pdftex.def Info: andremo_pic.jpg used on input line 102.
(pdftex.def)             Requested size: 120.0pt x 119.9988pt.

<close_hybrid_image.jpg, id=35, 784.9325pt x 711.65875pt>
File: close_hybrid_image.jpg Graphic file (type jpg)

<use close_hybrid_image.jpg>
Package pdftex.def Info: close_hybrid_image.jpg used on input line 103.
(pdftex.def)             Requested size: 171.43405pt x 178.65025pt.

<far_hybrid_image.jpg, id=37, 220.825pt x 149.55875pt>
File: far_hybrid_image.jpg Graphic file (type jpg)

<use far_hybrid_image.jpg>
Package pdftex.def Info: far_hybrid_image.jpg used on input line 104.
(pdftex.def)             Requested size: 88.07689pt x 55.69073pt.

Overfull \hbox (36.50089pt too wide) in paragraph at lines 100--110
[]|  [] [] [] [] 
 []


Underfull \vbox (badness 3568) has occurred while \output is active []

 [2 <./andremo_lpyr_r.jpg> <./andremo_lpyr_g.jpg> <./andremo_lpyr_b.jpg> <./toa
st_lpyr_r.jpg> <./lmask.jpg> <./lblended_image.jpg>]
Underfull \hbox (badness 10000) in paragraph at lines 113--125

 []


Underfull \hbox (badness 10000) in paragraph at lines 113--125

 []


Underfull \hbox (badness 10000) in paragraph at lines 126--142

 []


Underfull \hbox (badness 10000) in paragraph at lines 126--142

 []


Underfull \hbox (badness 10000) in paragraph at lines 143--163

 []


Underfull \hbox (badness 10000) in paragraph at lines 143--163

 []


Underfull \hbox (badness 10000) in paragraph at lines 143--163

 []


Underfull \hbox (badness 10000) in paragraph at lines 143--163

 []

[3 <./husky.jpg> <./close_hybrid_image.jpg> <./far_hybrid_image.jpg>]
Underfull \hbox (badness 10000) in paragraph at lines 164--187

 []


Underfull \hbox (badness 10000) in paragraph at lines 164--187

 []


Underfull \hbox (badness 10000) in paragraph at lines 189--191

 []

<einstein.png, id=56, 602.25pt x 602.25pt>
File: einstein.png Graphic file (type png)
 <use einstein.png>
Package pdftex.def Info: einstein.png used on input line 197.
(pdftex.def)             Requested size: 120.44786pt x 146.4474pt.

<G2d.jpg, id=58, 562.1pt x 420.57124pt>
File: G2d.jpg Graphic file (type jpg)
 <use G2d.jpg>
Package pdftex.def Info: G2d.jpg used on input line 198.
(pdftex.def)             Requested size: 168.0pt x 162.9331pt.

<G2p.jpg, id=60, 562.1pt x 420.57124pt>
File: G2p.jpg Graphic file (type jpg)
 <use G2p.jpg>
Package pdftex.def Info: G2p.jpg used on input line 199.
(pdftex.def)             Requested size: 168.0pt x 162.9331pt.

<G2dn.jpg, id=62, 562.1pt x 420.57124pt>
File: G2dn.jpg Graphic file (type jpg)
 <use G2dn.jpg>
Package pdftex.def Info: G2dn.jpg used on input line 206.
(pdftex.def)             Requested size: 168.0pt x 162.9331pt.

<G2pn.jpg, id=64, 562.1pt x 420.57124pt>
File: G2pn.jpg Graphic file (type jpg)
 <use G2pn.jpg>
Package pdftex.def Info: G2pn.jpg used on input line 207.
(pdftex.def)             Requested size: 168.0pt x 162.9331pt.

<G2dnm.jpg, id=66, 562.1pt x 420.57124pt>
File: G2dnm.jpg Graphic file (type jpg)
 <use G2dnm.jpg>
Package pdftex.def Info: G2dnm.jpg used on input line 214.
(pdftex.def)             Requested size: 168.0pt x 162.9331pt.

<G2pnm.jpg, id=68, 563.10374pt x 420.57124pt>
File: G2pnm.jpg Graphic file (type jpg)
 <use G2pnm.jpg>
Package pdftex.def Info: G2pnm.jpg used on input line 215.
(pdftex.def)             Requested size: 168.0pt x 162.50337pt.
 [4] [5 <./einstein.png> <./G2d.jpg> <./G2p.jpg> <./G2dn.jpg> <./G2pn.jpg> <./G
2dnm.jpg> <./G2pnm.jpg>] (./pset2_template.aux) ) 
Here is how much of TeX's memory you used:
 2704 strings out of 493315
 36365 string characters out of 6137904
 105503 words of memory out of 5000000
 6082 multiletter control sequences out of 15000+600000
 16553 words of font info for 42 fonts, out of 8000000 for 9000
 957 hyphenation exceptions out of 8191
 37i,6n,23p,488b,158s stack positions out of 5000i,500n,10000p,200000b,80000s
{/usr/local/texlive/2013/texmf
-dist/fonts/enc/dvips/base/8r.enc}</usr/local/texlive/2013/texmf-dist/fonts/typ
e1/public/amsfonts/cm/cmex10.pfb></usr/local/texlive/2013/texmf-dist/fonts/type
1/public/amsfonts/cm/cmmi12.pfb></usr/local/texlive/2013/texmf-dist/fonts/type1
/public/amsfonts/cm/cmmi8.pfb></usr/local/texlive/2013/texmf-dist/fonts/type1/p
ublic/amsfonts/cm/cmr12.pfb></usr/local/texlive/2013/texmf-dist/fonts/type1/pub
lic/amsfonts/cm/cmr8.pfb></usr/local/texlive/2013/texmf-dist/fonts/type1/public
/amsfonts/cm/cmsy10.pfb></usr/local/texlive/2013/texmf-dist/fonts/type1/public/
amsfonts/cm/cmsy8.pfb></usr/local/texlive/2013/texmf-dist/fonts/type1/urw/couri
er/ucrr8a.pfb></usr/local/texlive/2013/texmf-dist/fonts/type1/urw/times/utmb8a.
pfb></usr/local/texlive/2013/texmf-dist/fonts/type1/urw/times/utmr8a.pfb></usr/
local/texlive/2013/texmf-dist/fonts/type1/urw/times/utmr8a.pfb></usr/local/texl
ive/2013/texmf-dist/fonts/type1/urw/times/utmri8a.pfb>
Output written on pset2_template.pdf (5 pages, 1093878 bytes).
PDF statistics:
 122 PDF objects out of 1000 (max. 8388607)
 64 compressed objects within 1 object stream
 0 named destinations out of 1000 (max. 500000)
 206 words of extra memory for PDF output out of 10000 (max. 10000000)

